tfetfqojqcdzlpbm
lgelzivplaeoivzh
ydjyboqwhfpqfydc
rmjfdwsqamjqehdq
ozminkgnkwqctrxz
vrtioawyxkivrpiq
dwkasufidwjrjfbf
nsoqqfudrtwszyqf
rrnybqhvrcgwvrkq
quffzywzpxyaepxa
scdqyrhoqmljhoil
vebzobmdbzvjnjtk
piljqxgicjzgifso
ibxkhjvzzxgavkha
pyxpyvvipbqibiox
ajbfmpqqobfsmesj
fouahjimfcisxima
ygduolbysehdudra
ezuqbrjozwuqafhb
weeguqeheeiigrue
jiyahihykjjkdaya
qmqaqsajmqwhetpk
zetxvrgjmblxvakr
ykbbldkoijlvicbl
lhoihfnbuqelthof
ywvwhrwhkaubvkbl
wgjkmsbwgfotdabi
tdpxknwacksotdub
mxopokqffisxosci
khtkhcvelidjdena
ajsxkdnerbmhyxaj
sesylkpvbndrdhsy
wknkurddcknbdleg
aacuiiwgaannunmm
qonbllojmloykjqe
mosjlqswdngwqsmi
qjjymgqxhnjwxxhp
agnggugngadrcxoc
tdfvkreormspprer
otckgmojziezmojb
olylnjtkxgrubmtk
nxsdbqjuvwrrdbpq
wbabpirnpcsmpipw
linfbsnfvixlwykn
vxsluutrwskslnye
qxbovietpacqqxok
fdmzppzphhpzyuiz
wvfaoolwtkbrisvf
oehmvziiqwkzhzib
mbdwjntysntsaaby
lwktbgrzswbsweht
fupcimjupywzpqzp
mkvaatolvuggikvg
wnpxvmxvllxalulm
eivuuafkvudeouwy
uaqbnijtrhvqxjtb
hauwpjjwowbunbjj
awkftfagrfzywkhs
uedtpzxyubeveuek
bgaychdlmchngqlp
slqyrcurcyuoxquo
dcjmxyzbzpohzprl
xgjbyhfgmtseiimt
qhgzujhgdruowoug
gfvjmmcgfhvgnfdq
dvelfeddvgjcyxkj
mdngnobasfpewlno
igfxyoaacoarlvay
dwmxqudvxqdenrur
qrzgrdlyyzbyykhg
hpmbxtpfosbsjixt
nkhsdkhqtzqbphhg
sysxssmvewyfjrve
gjeszjksbfsuejki
knjdrjthitjxluth
vjhrkiwmunuiwqau
ndxmskrwrqysrndf
ypxoyjelhllhbeog
lnkminvfjjzqbmio
lmeooaajlthsfltw
nsahsaxvaepzneqq
gxjzahtgbgbabtht
cfzuyxivtknirqvt
qkcdtkwuaquajazz
ivamtjbvairwjqwl
hcqhngvahzgawjga
lotxrswlxbxlxufs
zqqrhhmjwermjssg
xjpkifkhfjeqifdn
jqwcwuuisrclircv
banrornfkcymmkcc
xlqwdrytzwnxzwzv
cvkyfcyfmubzwsee
ohgqnqhfimyuqhvi
bauieohjejamzien
aeyqlskpaehagdiv
iskrfbwxonkguywx
hekvbhtainkvbynx
gbbycjuscquaycrk
tstwsswswrxlzrqs
faza1 = 100
Linii, ktore sa cacy jest: 42
