Linia 7 = zwqadogmpjmmxijf
Linia 10 = wrggegukhhatygfi
Linia 13 = iuvrelxiapllaxbg
Linia 14 = feybgiimfthtplui
Linia 18 = xilodxfuxphuiiii
Linia 21 = ivegnnpbiyxqsion
Linia 27 = tiyphjunlxddenpj
Linia 29 = nwenhxmakxqkeehg
Linia 32 = qpnxkuldeiituggg
Linia 33 = xwttlbdwxohahwar
Linia 40 = amnflshcheuddqtc
Linia 41 = pdvcsduggcogbiia
Linia 43 = uyhbtmbutozzqfvq
Linia 45 = auqylgxhmullxpaa
Linia 48 = qhirixgwkkccuzlp
Linia 49 = zoonniyosmkeejfg
Linia 63 = hhdlruwclartkyap
Linia 65 = jerbbbnxlwfvlaiw
Linia 72 = emszboysjuvwwvts
Linia 73 = msyigmwcuybfiooq
Linia 76 = bmzalvducnqtuune
Linia 81 = hruaqjwphonnterf
Linia 83 = oiedrjvmlbtwyyuy
Linia 86 = vonbxquiiwxnazyl
Linia 97 = kujsaiqojopvrygg
Linia 99 = uunoygzqjopwgmbg
Linia 103 = trtuxbgigogfsbbk
Linia 108 = ibxkhjvzzxgavkha
Linia 119 = orvevzyjliomkkgu
Linia 120 = mzjbhmfjjvaziget
Linia 123 = pyxpyvvipbqibiox
Linia 130 = hnkrqxifjmmjktie
Linia 131 = aqykzeuzvvetoygd
Linia 134 = qqwliakathnsbzne
Linia 137 = zricvxhdzznuxuce
Linia 141 = gtqergjiuwookwre
Linia 146 = weeguqeheeiigrue
Linia 149 = jiyahihykjjkdaya
Linia 154 = fvvpmgttnapklwou
Linia 158 = mwpvvzaaicntrkcp
Linia 167 = ykbbldkoijlvicbl
Linia 179 = zreeyomtngvztveq
Linia 182 = wkvnrwqgjooovhpf
Linia 183 = kwgueyiyffudtbyg
Linia 185 = ludwccvkihagvxal
Linia 188 = cajzbqleghhnlgap
Linia 189 = vmitdcozzvqvzatp
Linia 190 = eelzefwqwjiywbcz
Linia 192 = aorhnrpkjqqtgnfo
Linia 193 = lfrxfdrduoeqmwwp
Linia 198 = nwznunammfexltjc
Linia 199 = zkyieokaaogjehwt
Linia 204 = dgpuhiisybjpidsj
Linia 208 = ilgteekhzwlsfwcn
Linia 215 = vfbaeavmjjemfrmo
Linia 219 = qjlrnjfokkqvnpue
Linia 221 = wttfmnrievfestog
Linia 222 = eamjfvsjhvzzaobg
Linia 232 = mgzdqwikzullzyco
Linia 233 = mumezgtxjrrejtrs
Linia 237 = zuslbrpooyetgafh
Linia 243 = lznjolnorbuddgcs
Linia 249 = yutqgssfoptvizgr
Linia 252 = qywreehbidowtjyz
Linia 257 = bcwdqgiiizmohack
Linia 259 = mxopokqffisxosci
Linia 263 = elamngegnczctcck
Linia 268 = mfhzreuzzumvoggr
Linia 276 = nnazphxpanegwitx
Linia 284 = zqxqjetooqcodwml
Linia 289 = ozwlyxtaalxofovd
Linia 292 = wgoqfrygttlamobg
Linia 295 = owsdrfgkaamogjzd
Linia 298 = lltviwincmbtduap
Linia 301 = jzvmwgjutxoysaam
Linia 308 = sqtvnbeiigdzbjgv
Linia 309 = eczmkqwvnsrracuo
Linia 313 = mwaaysrndiutuiqx
Linia 314 = aacuiiwgaannunmm
Linia 318 = jurorvzpplyelfml
Linia 319 = qonbllojmloykjqe
Linia 320 = sllkzqujfnbauuqp
Linia 323 = wyuokkfjexikptvv
Linia 334 = ngqpvhajttxuegyh
Linia 347 = hiipezngkqcnihty
Linia 348 = bbmqgheidenweeov
Linia 351 = zzifqinoeqaorjxg
Linia 352 = adhgppljizpaxzld
Linia 354 = nljoakatwwwoovzn
Linia 361 = agnggugngadrcxoc
Linia 362 = uhttadmdmhidpyjw
Linia 367 = civoeoiuwtwgbqqs
Linia 369 = tdfvkreormspprer
Linia 372 = hrrmraevdnztiwff
Linia 375 = qzziznlswjaussel
Linia 377 = tuotforulrrytgyn
Linia 383 = qvxapbiatuudseno
Linia 385 = oqeukkgjsfuqkjbb
Linia 403 = fukvgteitwaagpzx
Linia 407 = wodfoyhoekidxttm
Linia 410 = vxsluutrwskslnye
Linia 413 = wrseozkkcyctrmei
Linia 416 = qxbovietpacqqxok
Linia 420 = hnppukzvzfmlokid
Linia 425 = ohodhelegxootqbj
Linia 431 = wvfaoolwtkbrisvf
Linia 437 = nzqfuhrooswxxhus
Linia 439 = oehmvziiqwkzhzib
Linia 441 = ooixfvwtiafnwkce
Linia 443 = wywualssrmaqigqk
Linia 445 = jeaezptokkccpbuj
Linia 452 = zgmnyjfeqffbooww
Linia 457 = zxidlodrezztcrij
Linia 460 = iqhgokavirrcvyys
Linia 467 = tyozixxxaqiuvoys
Linia 469 = moeektyhyonfdhrb
Linia 470 = kahvevmmfsmiiqex
Linia 474 = muypbfttoeelsnbs
Linia 476 = ubmmjbznskildeoj
Linia 483 = mskutzossrwoqqsi
Linia 484 = rygoebkzgyzushhr
Linia 486 = arbufysjqmgaapnl
Linia 487 = dbjerflevtgweeoj
Linia 490 = mkvaatolvuggikvg
Linia 493 = eivuuafkvudeouwy
Linia 498 = llninfenrfjqxurv
Linia 504 = uohntlcoguvjqqdo
Linia 514 = hiiixcyohmvnkpgk
Linia 515 = mmitpwopgxuftdfu
Linia 519 = bkkkkcwegvypbrio
Linia 521 = gqwebiifvqoeynro
Linia 522 = juupusqdsvxcpsgv
Linia 530 = bssshaqujtmluerz
Linia 531 = uukotwjkstgwijtr
Linia 532 = kbqkneobbrdogrxk
Linia 535 = dedjjbrndqnilbeh
Linia 538 = hrjuzfumbvfccxno
Linia 541 = hauwpjjwowbunbjj
Linia 543 = bqzzppwoslaeixro
Linia 550 = nxduvwfrgzaailgl
Linia 551 = xniuwvxufzxjjrwz
Linia 556 = iyneqjdmlhowwzxx
Linia 559 = tkrvyanujjwmyyri
Linia 570 = wbrvjjjajuombokf
Linia 574 = nlqymnuvjpvvgova
Linia 578 = csuellnlcyqaaamq
Linia 584 = ainnfhxnsgwqnmyo
Linia 585 = eyytjjwhvodtzquf
Linia 588 = xgjbyhfgmtseiimt
Linia 595 = dnoiseraqcoossmc
Linia 598 = hbzvqhvudfdlegaa
Linia 609 = girstvkahaemmxvh
Linia 614 = jojuselkpmnnbcbb
Linia 619 = qssnbcyjgmkyuoga
Linia 629 = jduinhjjntrmqroz
Linia 630 = yparkxbgsfnueyll
Linia 631 = lyeqqeisxzfsqzuj
Linia 635 = uecjseeicldqrqww
Linia 637 = lhqijovvhlffpxga
Linia 640 = jvgzvuyzobeazssc
Linia 645 = asnukgppdemxrzaz
Linia 651 = hjknnfdauidjeydr
Linia 652 = hczdjjlygoezadow
Linia 658 = eeymiddvcwkpbpux
Linia 669 = iiwjqvsdxudhdzzk
Linia 670 = gucirgxaxgcassyo
Linia 673 = huregszrcaocueen
Linia 674 = pifezpoolrnbdqtv
Linia 676 = xtawlpduxgacchfe
Linia 682 = srdgnnjtfehiimqx
Linia 683 = pwfalehdfyykrohf
Linia 685 = brsemdzosgqvvlxe
Linia 689 = bbbqycejueruihhd
Linia 694 = pyroowjekeurlbii
Linia 699 = csloawlirnegsssq
Linia 702 = poaaidrktteusvyf
Linia 704 = qwjulskbniitgqtx
Linia 710 = eiquffofoadmbuhk
Linia 716 = dbzbtashaartczrj
Linia 717 = qbjiqpccefcfkvod
Linia 718 = hluujmokjywotvzy
Linia 724 = rjowuugwdpkjtypw
Linia 729 = odteewktugcwlhln
Linia 731 = eeswfcijtvzgrqel
Linia 734 = pavfsmwesuvebzdd
Linia 736 = nbajyohtzfeoiixz
Linia 744 = oudzwuhexrwwdbyy
Linia 745 = lengxmguyrwhrebb
Linia 757 = tiovluvwezwwgaox
Linia 760 = lofequdigsszuioy
Linia 765 = ypxoyjelhllhbeog
Linia 770 = eguucnoxaoprszmp
Linia 772 = aypnmgqjxjqceelv
Linia 774 = tzowgwsubbaigdok
Linia 778 = eaxwvxvvwbrovypz
Linia 779 = nmluqvobbbmdiwwb
Linia 780 = lnkminvfjjzqbmio
Linia 781 = mjiiqzycqdhfietz
Linia 782 = towlrzriicyraevq
Linia 784 = lmeooaajlthsfltw
Linia 785 = ichygipzpykkesrw
Linia 794 = nsahsaxvaepzneqq
Linia 798 = jhzejdjidqqtjnwe
Linia 803 = rlzkdkgaagmcpxah
Linia 805 = obivkajhsjnrxxhn
Linia 806 = lmjhayymgpseuynn
Linia 807 = bbjyewkwadaipyju
Linia 808 = lmzyhwomfypoftuu
Linia 812 = ohemsbfuqqpucups
Linia 832 = urrxxebxrthtjvib
Linia 837 = balrhhxipoqzmihj
Linia 840 = lyyaentdizaumnla
Linia 842 = speswfggibijfejk
Linia 855 = xdgiszbuhdognniu
Linia 866 = xippcyhkfuounxqk
Linia 874 = ieknnjeecucghpoo
Linia 879 = ggdivtmgoqajydzz
Linia 880 = wnpfsgtxowkjiivl
Linia 886 = iggoqtqpvaebtiol
Linia 887 = ofknifysuasshoya
Linia 888 = qxuewroccsbogrbv
Linia 890 = zyahfroovfjlythh
Linia 896 = hibxlvkqakusswkx
Linia 899 = jqwcwuuisrclircv
Linia 901 = ykriratovsvxxasf
Linia 902 = qyebvtqqxbjuuwuo
Linia 904 = acksrrptgnhkeiaa
Linia 907 = ytbhxvaeiigjpcgm
Linia 911 = kwbytzukgseeyjla
Linia 917 = cvkyfcyfmubzwsee
Linia 920 = otisopzzpvnhctte
Linia 922 = ewnnopzkujbvhwce
Linia 926 = zoidxeelqdjesxpr
Linia 927 = ducjccsuaygfchzj
Linia 929 = nlbyyywergronmir
Linia 932 = eflaogtjghdjmxxz
Linia 938 = srewprgddfgmdbao
Linia 940 = czmzcbrkecixuwzz
Linia 943 = baolzvfrrevxsyke
Linia 945 = vsackherluvurqqj
Linia 951 = knnugxoktxpvoxnh
Linia 952 = knoaalcefpgtvlwm
Linia 957 = gbbycjuscquaycrk
Linia 961 = vdodpeherjmmvbje
Linia 965 = kglzqahipnddanpi
Linia 967 = ocifnoopfglmndcx
Linia 969 = ooktviixetfddfmh
Linia 978 = iyuiffjmcaahowhj
Linia 980 = fytneukxqkjattvh
Linia 982 = iwsljvkyfastccoa
Linia 988 = estyydmzothggudf
Linia 990 = izmqcwdyggibliet
Linia 993 = xqcssgozuxfqtiwi
Linia 997 = bzukgvyoqewniivj
Linia 998 = iduapzclhhyfladn
